<?xml version="1.0" encoding="UTF-8"?>
<testng-results ignored="0" total="2" passed="2" failed="0" skipped="0">
  <reporter-output>
  </reporter-output>
  <suite started-at="2022-10-10T23:28:29 IST" name="Default suite" finished-at="2022-10-10T23:28:42 IST" duration-ms="13207">
    <groups>
    </groups>
    <test started-at="2022-10-10T23:28:29 IST" name="Default test" finished-at="2022-10-10T23:28:42 IST" duration-ms="13207">
      <class name="Test.Test_Assert">
        <test-method signature="test1()[pri:0, instance:Test.Test_Assert@20ce78ec]" started-at="2022-10-10T23:28:29 IST" name="test1" finished-at="2022-10-10T23:28:42 IST" duration-ms="13112" status="PASS">
          <reporter-output>
          </reporter-output>
        </test-method> <!-- test1 -->
        <test-method signature="test2()[pri:0, instance:Test.Test_Assert@20ce78ec]" started-at="2022-10-10T23:28:42 IST" name="test2" finished-at="2022-10-10T23:28:42 IST" duration-ms="10" status="PASS">
          <reporter-output>
          </reporter-output>
        </test-method> <!-- test2 -->
      </class> <!-- Test.Test_Assert -->
    </test> <!-- Default test -->
  </suite> <!-- Default suite -->
</testng-results>
