<?xml version="1.0" encoding="UTF-8"?>
<!-- Generated by org.testng.reporters.JUnitXMLReporter -->
<testsuite ignored="1" hostname="DESKTOP-EQE7IHR" failures="0" tests="7" name="Test" time="13.398" errors="0" timestamp="2022-10-04T00:09:57 IST">
  <testcase classname="annotaion.Annotationflow" name="test" time="0.028"/>
  <testcase classname="annotaion.TestNG" name="testb" time="0.004"/>
  <testcase classname="annotaion.TestNG" name="testa" time="0.008"/>
  <testcase classname="annotaion.TestNG" name="tests" time="0.005"/>
  <testcase classname="annotaion.TestNG" name="tests" time="0.016"/>
  <testcase classname="annotaion.TestNG" name="tests" time="0.008"/>
  <testcase classname="annotaion.TestNG" name="tests" time="0.005"/>
  <testcase classname="annotaion.TestNG" name="testz" time="0.0">
    <ignored/>
  </testcase> <!-- testz -->
</testsuite> <!-- Test -->
